[22:01:44] [Server thread/INFO]: Starting minecraft server version 1.9
[22:01:44] [Server thread/INFO]: Loading properties
[22:01:44] [Server thread/INFO]: Default game type: SURVIVAL
[22:01:44] [Server thread/INFO]: Generating keypair
[22:01:44] [Server thread/INFO]: Starting Minecraft server on *:25565
[22:01:44] [Server thread/INFO]: Using default channel type
[22:01:44] [Server thread/WARN]: Failed to load user banlist: 
java.io.FileNotFoundException: banned-players.json (No such file or directory)
	at java.io.FileInputStream.open(Native Method) ~[?:1.6.0_65]
	at java.io.FileInputStream.<init>(FileInputStream.java:120) ~[?:1.6.0_65]
	at com.google.common.io.Files.newReader(Files.java:86) ~[minecraft_server.jar:?]
	at mq.g(SourceFile:136) ~[minecraft_server.jar:?]
	at kz.z(SourceFile:99) [minecraft_server.jar:?]
	at kz.<init>(SourceFile:25) [minecraft_server.jar:?]
	at la.j(SourceFile:183) [minecraft_server.jar:?]
	at net.minecraft.server.MinecraftServer.run(SourceFile:427) [minecraft_server.jar:?]
	at java.lang.Thread.run(Thread.java:695) [?:1.6.0_65]
[22:01:44] [Server thread/WARN]: Failed to load ip banlist: 
java.io.FileNotFoundException: banned-ips.json (No such file or directory)
	at java.io.FileInputStream.open(Native Method) ~[?:1.6.0_65]
	at java.io.FileInputStream.<init>(FileInputStream.java:120) ~[?:1.6.0_65]
	at com.google.common.io.Files.newReader(Files.java:86) ~[minecraft_server.jar:?]
	at mq.g(SourceFile:136) ~[minecraft_server.jar:?]
	at kz.y(SourceFile:91) [minecraft_server.jar:?]
	at kz.<init>(SourceFile:27) [minecraft_server.jar:?]
	at la.j(SourceFile:183) [minecraft_server.jar:?]
	at net.minecraft.server.MinecraftServer.run(SourceFile:427) [minecraft_server.jar:?]
	at java.lang.Thread.run(Thread.java:695) [?:1.6.0_65]
[22:01:44] [Server thread/WARN]: Failed to load white-list: 
java.io.FileNotFoundException: whitelist.json (No such file or directory)
	at java.io.FileInputStream.open(Native Method) ~[?:1.6.0_65]
	at java.io.FileInputStream.<init>(FileInputStream.java:120) ~[?:1.6.0_65]
	at com.google.common.io.Files.newReader(Files.java:86) ~[minecraft_server.jar:?]
	at mq.g(SourceFile:136) ~[minecraft_server.jar:?]
	at kz.C(SourceFile:123) [minecraft_server.jar:?]
	at kz.<init>(SourceFile:30) [minecraft_server.jar:?]
	at la.j(SourceFile:183) [minecraft_server.jar:?]
	at net.minecraft.server.MinecraftServer.run(SourceFile:427) [minecraft_server.jar:?]
	at java.lang.Thread.run(Thread.java:695) [?:1.6.0_65]
[22:01:44] [Server thread/INFO]: Preparing level "Stuff"
[22:01:45] [Server thread/INFO]: Preparing start region for level 0
[22:01:46] [Server thread/INFO]: Preparing spawn area: 5%
[22:01:47] [Server thread/INFO]: Preparing spawn area: 9%
[22:01:48] [Server thread/INFO]: Preparing spawn area: 14%
[22:01:49] [Server thread/INFO]: Preparing spawn area: 22%
[22:01:50] [Server thread/INFO]: Preparing spawn area: 33%
[22:01:51] [Server thread/INFO]: Preparing spawn area: 43%
[22:01:52] [Server thread/INFO]: Preparing spawn area: 55%
[22:01:53] [Server thread/INFO]: Preparing spawn area: 65%
[22:01:54] [Server thread/INFO]: Preparing spawn area: 75%
[22:01:55] [Server thread/INFO]: Preparing spawn area: 83%
[22:01:56] [Server thread/INFO]: Preparing spawn area: 90%
[22:01:58] [Server thread/INFO]: Preparing spawn area: 97%
[22:01:58] [Server thread/INFO]: Done (13.589s)! For help, type "help" or "?"
[22:02:08] [User Authenticator #1/INFO]: UUID of player 1lastword is c0f23d8d-d6c8-461a-bc74-731653908a9e
[22:02:08] [Server thread/INFO]: 1lastword[/127.0.0.1:58251] logged in with entity id 2438 at (-214.5, 59.0, 252.5)
[22:02:08] [Server thread/INFO]: 1lastword joined the game
[22:02:12] [Server thread/WARN]: Can't keep up! Did the system time change, or is the server overloaded? Running 3656ms behind, skipping 73 tick(s)
[22:02:36] [Server thread/INFO]: [1lastword: Set own game mode to Creative Mode]
[22:02:48] [Server thread/WARN]: Can't keep up! Did the system time change, or is the server overloaded? Running 3737ms behind, skipping 74 tick(s)
[22:03:10] [Server thread/WARN]: Can't keep up! Did the system time change, or is the server overloaded? Running 3806ms behind, skipping 76 tick(s)
[22:03:32] [Server thread/WARN]: Can't keep up! Did the system time change, or is the server overloaded? Running 7522ms behind, skipping 150 tick(s)
[22:03:40] [Server thread/WARN]: 1lastword moved too quickly! 4.234882395317461,0.0,-9.613307114231162
[22:03:47] [Server thread/WARN]: Can't keep up! Did the system time change, or is the server overloaded? Running 2786ms behind, skipping 55 tick(s)
[22:04:20] [Server thread/WARN]: Can't keep up! Did the system time change, or is the server overloaded? Running 3917ms behind, skipping 78 tick(s)
[22:04:37] [Server thread/WARN]: 1lastword moved too quickly! -8.80366020859151,0.0,-6.100376413120216
[22:04:40] [Server thread/WARN]: Can't keep up! Did the system time change, or is the server overloaded? Running 6802ms behind, skipping 136 tick(s)
[22:04:54] [Server thread/WARN]: Can't keep up! Did the system time change, or is the server overloaded? Running 2969ms behind, skipping 59 tick(s)
[22:05:19] [Server thread/WARN]: Can't keep up! Did the system time change, or is the server overloaded? Running 10943ms behind, skipping 218 tick(s)
[22:05:26] [Server thread/WARN]: Can't keep up! Did the system time change, or is the server overloaded? Running 2825ms behind, skipping 56 tick(s)
[22:06:25] [Server thread/INFO]: [1lastword: Set own game mode to Survival Mode]
[22:06:28] [Server thread/INFO]: 1lastword fell from a high place
[22:06:39] [Server thread/INFO]: 1lastword lost connection: TextComponent{text='Disconnected', siblings=[], style=Style{hasParent=false, color=null, bold=null, italic=null, underlined=null, obfuscated=null, clickEvent=null, hoverEvent=null, insertion=null}}
[22:06:39] [Server thread/INFO]: 1lastword left the game
[22:06:40] [Server Shutdown Thread/INFO]: Stopping server
[22:06:40] [Server Shutdown Thread/INFO]: Saving players
[22:06:40] [Server Shutdown Thread/INFO]: Saving worlds
[22:06:40] [Server Shutdown Thread/INFO]: Saving chunks for level 'Stuff'/Overworld
